<?xml version="1.0" encoding="UTF-8"?>
<testng-results ignored="0" total="1" passed="1" failed="0" skipped="0">
  <reporter-output>
  </reporter-output>
  <suite started-at="2023-03-04T01:31:52 IST" name="Default suite" finished-at="2023-03-04T01:33:37 IST" duration-ms="105816">
    <groups>
    </groups>
    <test started-at="2023-03-04T01:31:52 IST" name="Default test" finished-at="2023-03-04T01:33:37 IST" duration-ms="105816">
      <class name="com.HRMS.Testlayer.Onboarding_Test">
        <test-method is-config="true" signature="url()[pri:0, instance:com.HRMS.Testlayer.Onboarding_Test@71ba6d4e]" started-at="2023-03-04T01:31:52 IST" name="url" finished-at="2023-03-04T01:32:00 IST" duration-ms="8029" status="PASS">
          <reporter-output>
          </reporter-output>
        </test-method> <!-- url -->
        <test-method signature="Onboarding()[pri:0, instance:com.HRMS.Testlayer.Onboarding_Test@71ba6d4e]" started-at="2023-03-04T01:32:00 IST" name="Onboarding" finished-at="2023-03-04T01:33:28 IST" duration-ms="88541" status="PASS">
          <reporter-output>
          </reporter-output>
        </test-method> <!-- Onboarding -->
        <test-method is-config="true" signature="quit()[pri:0, instance:com.HRMS.Testlayer.Onboarding_Test@71ba6d4e]" started-at="2023-03-04T01:33:28 IST" name="quit" finished-at="2023-03-04T01:33:37 IST" duration-ms="9169" status="PASS">
          <reporter-output>
          </reporter-output>
        </test-method> <!-- quit -->
      </class> <!-- com.HRMS.Testlayer.Onboarding_Test -->
    </test> <!-- Default test -->
  </suite> <!-- Default suite -->
</testng-results>
